0 info it worked if it ends with ok
1 verbose cli [ 'D:\\Program Files\\nodejs\\\\node.exe',
1 verbose cli   'D:\\Program Files\\nodejs\\node_modules\\npm\\bin\\npm-cli.js',
1 verbose cli   'install' ]
2 info using npm@1.4.28
3 info using node@v0.10.33
4 verbose node symlink D:\Program Files\nodejs\\node.exe
5 verbose readDependencies using package.json deps
6 verbose install where, deps [ 'C:\\Users\\Thomas\\IdeaProjects\\nemesis',
6 verbose install   [ 'body-parser',
6 verbose install     'cookie-parser',
6 verbose install     'debug',
6 verbose install     'express',
6 verbose install     'jade',
6 verbose install     'morgan',
6 verbose install     'serve-favicon',
6 verbose install     'neow',
6 verbose install     'express-session',
6 verbose install     'session-file-store' ] ]
7 info preinstall nemesis@0.0.1
8 verbose readDependencies using package.json deps
9 verbose already installed skipping body-parser@~1.12.0 C:\Users\Thomas\IdeaProjects\nemesis
10 verbose already installed skipping cookie-parser@~1.3.4 C:\Users\Thomas\IdeaProjects\nemesis
11 verbose already installed skipping debug@~2.1.1 C:\Users\Thomas\IdeaProjects\nemesis
12 verbose already installed skipping express@~4.12.2 C:\Users\Thomas\IdeaProjects\nemesis
13 verbose already installed skipping jade@~1.9.2 C:\Users\Thomas\IdeaProjects\nemesis
14 verbose already installed skipping morgan@~1.5.1 C:\Users\Thomas\IdeaProjects\nemesis
15 verbose already installed skipping serve-favicon@~2.2.0 C:\Users\Thomas\IdeaProjects\nemesis
16 verbose already installed skipping neow@~1.0.0 C:\Users\Thomas\IdeaProjects\nemesis
17 verbose already installed skipping express-session@~1.10.0 C:\Users\Thomas\IdeaProjects\nemesis
18 verbose cache add [ 'session-file-store@~4.0.0', null ]
19 verbose cache add name=undefined spec="session-file-store@~4.0.0" args=["session-file-store@~4.0.0",null]
20 verbose parsed url { protocol: null,
20 verbose parsed url   slashes: null,
20 verbose parsed url   auth: null,
20 verbose parsed url   host: null,
20 verbose parsed url   port: null,
20 verbose parsed url   hostname: null,
20 verbose parsed url   hash: null,
20 verbose parsed url   search: null,
20 verbose parsed url   query: null,
20 verbose parsed url   pathname: 'session-file-store@~4.0.0',
20 verbose parsed url   path: 'session-file-store@~4.0.0',
20 verbose parsed url   href: 'session-file-store@~4.0.0' }
21 verbose cache add name="session-file-store" spec="~4.0.0" args=["session-file-store","~4.0.0"]
22 verbose parsed url { protocol: null,
22 verbose parsed url   slashes: null,
22 verbose parsed url   auth: null,
22 verbose parsed url   host: null,
22 verbose parsed url   port: null,
22 verbose parsed url   hostname: null,
22 verbose parsed url   hash: null,
22 verbose parsed url   search: null,
22 verbose parsed url   query: null,
22 verbose parsed url   pathname: '~4.0.0',
22 verbose parsed url   path: '~4.0.0',
22 verbose parsed url   href: '~4.0.0' }
23 verbose addNamed [ 'session-file-store', '~4.0.0' ]
24 verbose addNamed [ null, '>=4.0.0-0 <4.1.0-0' ]
25 silly lockFile 6890dab5-session-file-store-4-0-0 session-file-store@~4.0.0
26 verbose lock session-file-store@~4.0.0 C:\Users\Thomas\AppData\Roaming\npm-cache\6890dab5-session-file-store-4-0-0.lock
27 silly addNameRange { name: 'session-file-store',
27 silly addNameRange   range: '>=4.0.0-0 <4.1.0-0',
27 silly addNameRange   hasData: false }
28 verbose request where is /session-file-store
29 verbose request registry https://registry.npmjs.org/
30 verbose request id 15e46ef1acc54941
31 verbose url raw /session-file-store
32 verbose url resolving [ 'https://registry.npmjs.org/', './session-file-store' ]
33 verbose url resolved https://registry.npmjs.org/session-file-store
34 verbose request where is https://registry.npmjs.org/session-file-store
35 info trying registry request attempt 1 at 00:59:07
36 http GET https://registry.npmjs.org/session-file-store
37 http 200 https://registry.npmjs.org/session-file-store
38 silly registry.get cb [ 200,
38 silly registry.get   { date: 'Fri, 10 Apr 2015 22:59:07 GMT',
38 silly registry.get     server: 'CouchDB/1.5.0 (Erlang OTP/R16B03)',
38 silly registry.get     etag: '"EAC37BGY1MQFOMSWE5VGIDITC"',
38 silly registry.get     'content-type': 'application/json',
38 silly registry.get     'cache-control': 'max-age=60',
38 silly registry.get     'content-length': '5130',
38 silly registry.get     'accept-ranges': 'bytes',
38 silly registry.get     via: '1.1 varnish',
38 silly registry.get     age: '0',
38 silly registry.get     'x-served-by': 'cache-lhr6323-LHR',
38 silly registry.get     'x-cache': 'MISS',
38 silly registry.get     'x-cache-hits': '0',
38 silly registry.get     'x-timer': 'S1428706747.346311,VS0,VE353',
38 silly registry.get     vary: 'Accept',
38 silly registry.get     'keep-alive': 'timeout=10, max=50',
38 silly registry.get     connection: 'Keep-Alive' } ]
39 silly addNameRange number 2 { name: 'session-file-store',
39 silly addNameRange   range: '>=4.0.0-0 <4.1.0-0',
39 silly addNameRange   hasData: true }
40 silly addNameRange versions [ 'session-file-store', [ '0.0.1', '0.0.2', '0.0.3' ] ]
41 silly lockFile 6890dab5-session-file-store-4-0-0 session-file-store@~4.0.0
42 silly lockFile 6890dab5-session-file-store-4-0-0 session-file-store@~4.0.0
43 error notarget No compatible version found: session-file-store@'>=4.0.0-0 <4.1.0-0'
43 error notarget Valid install targets:
43 error notarget ["0.0.1","0.0.2","0.0.3"]
43 error notarget
43 error notarget This is most likely not a problem with npm itself.
43 error notarget In most cases you or one of your dependencies are requesting
43 error notarget a package version that doesn't exist.
44 error System Windows_NT 6.2.9200
45 error command "D:\\Program Files\\nodejs\\\\node.exe" "D:\\Program Files\\nodejs\\node_modules\\npm\\bin\\npm-cli.js" "install"
46 error cwd C:\Users\Thomas\IdeaProjects\nemesis
47 error node -v v0.10.33
48 error npm -v 1.4.28
49 error code ETARGET
50 verbose exit [ 1, true ]
